<?xml version="1.0" encoding="UTF-8"?>
<testng-results skipped="0" failed="0" ignored="0" total="1" passed="1">
  <reporter-output>
  </reporter-output>
  <suite name="BankProject" duration-ms="20198" started-at="2021-05-29T06:49:12Z" finished-at="2021-05-29T06:49:32Z">
    <groups>
    </groups>
    <test name="BankingApp Test" duration-ms="20198" started-at="2021-05-29T06:49:12Z" finished-at="2021-05-29T06:49:32Z">
      <class name="testCases.TC_LoginTest_001">
        <test-method status="PASS" signature="setup(java.lang.String)[pri:0, instance:testCases.TC_LoginTest_001@67ae56]" name="setup" is-config="true" duration-ms="12512" started-at="2021-05-29T06:49:14Z" finished-at="2021-05-29T06:49:26Z">
          <params>
            <param index="0">
              <value>
                <![CDATA[chrome]]>
              </value>
            </param>
          </params>
          <reporter-output>
          </reporter-output>
        </test-method> <!-- setup -->
        <test-method status="PASS" signature="loginTest()[pri:0, instance:testCases.TC_LoginTest_001@67ae56]" name="loginTest" duration-ms="3843" started-at="2021-05-29T06:49:26Z" finished-at="2021-05-29T06:49:30Z">
          <reporter-output>
          </reporter-output>
        </test-method> <!-- loginTest -->
        <test-method status="PASS" signature="tearDown()[pri:0, instance:testCases.TC_LoginTest_001@67ae56]" name="tearDown" is-config="true" duration-ms="1623" started-at="2021-05-29T06:49:30Z" finished-at="2021-05-29T06:49:32Z">
          <reporter-output>
          </reporter-output>
        </test-method> <!-- tearDown -->
      </class> <!-- testCases.TC_LoginTest_001 -->
    </test> <!-- BankingApp Test -->
  </suite> <!-- BankProject -->
</testng-results>
